빌드 시작: 2015-12-04 오후 5:11:34
     1>2 노드의 "E:\MFC\VisualStudio2010workspace\chap06\SystemMenu\SystemMenu\SystemMenu.vcxproj" 프로젝트(build 대상)입니다.
     1>InitializeBuildStatus:
         "AlwaysCreate"이(가) 지정되었기 때문에 "Debug\SystemMenu.unsuccessfulbuild"을(를) 만들고 있습니다.
       ClCompile:
         모든 출력이 최신 상태입니다.
         C:\Program Files (x86)\Microsoft Visual Studio 10.0\VC\bin\CL.exe /c /ZI /nologo /W3 /WX- /Od /Oy- /D WIN32 /D _WINDOWS /D _DEBUG /D _UNICODE /D UNICODE /D _AFXDLL /Gm /EHsc /RTC1 /MDd /GS /fp:precise /Zc:wchar_t /Zc:forScope /Yu"StdAfx.h" /Fp"Debug\SystemMenu.pch" /Fo"Debug\\" /Fd"Debug\vc100.pdb" /Gd /TP /analyze- /errorReport:prompt ChildView.cpp MainFrm.cpp SystemMenu.cpp
         건너뛰고 있습니다... (관련된 변경 내용 없음)
         SystemMenu.cpp
         MainFrm.cpp
         ChildView.cpp
       ResourceCompile:
         C:\Program Files (x86)\Microsoft SDKs\Windows\v7.0A\bin\rc.exe /D _DEBUG /D _UNICODE /D UNICODE /D _AFXDLL /l"0x0412" /IDebug\ /nologo /fo"Debug\SystemMenu.res" SystemMenu.rc 
       ManifestResourceCompile:
         모든 출력이 최신 상태입니다.
       Link:
         C:\Program Files (x86)\Microsoft Visual Studio 10.0\VC\bin\link.exe /ERRORREPORT:PROMPT /OUT:"E:\MFC\VisualStudio2010workspace\chap06\SystemMenu\Debug\SystemMenu.exe" /INCREMENTAL /NOLOGO /MANIFEST /ManifestFile:"Debug\SystemMenu.exe.intermediate.manifest" /MANIFESTUAC:"level='asInvoker' uiAccess='false'" /DEBUG /PDB:"E:\MFC\VisualStudio2010workspace\chap06\SystemMenu\Debug\SystemMenu.pdb" /SUBSYSTEM:WINDOWS /TLBID:1 /ENTRY:"wWinMainCRTStartup" /DYNAMICBASE /NXCOMPAT /IMPLIB:"E:\MFC\VisualStudio2010workspace\chap06\SystemMenu\Debug\SystemMenu.lib" /MACHINE:X86 Debug\SystemMenu.res
         Debug\SystemMenu.exe.embed.manifest.res
         Debug\ChildView.obj
         Debug\MainFrm.obj
         Debug\stdafx.obj
         Debug\SystemMenu.obj
       Manifest:
         C:\Program Files (x86)\Microsoft SDKs\Windows\v7.0A\bin\mt.exe /nologo /verbose /out:"Debug\SystemMenu.exe.embed.manifest" /manifest Debug\SystemMenu.exe.intermediate.manifest "C:\Program Files (x86)\Microsoft Visual Studio 10.0\VC\Include\Manifest\dpiaware.manifest"
         모든 출력이 최신 상태입니다.
       LinkEmbedManifest:
         모든 출력이 최신 상태입니다.
         SystemMenu.vcxproj -> E:\MFC\VisualStudio2010workspace\chap06\SystemMenu\Debug\SystemMenu.exe
       FinalizeBuildStatus:
         "Debug\SystemMenu.unsuccessfulbuild" 파일을 삭제하고 있습니다.
         "Debug\SystemMenu.lastbuildstate"에 연결(touching)하고 있습니다.
     1>"E:\MFC\VisualStudio2010workspace\chap06\SystemMenu\SystemMenu\SystemMenu.vcxproj" 프로젝트를 빌드했습니다(build 대상).

빌드했습니다.

경과 시간: 00:00:00.50
